<?xml version="1.0" encoding="UTF-8"?>
<!-- Generated by org.testng.reporters.JUnitXMLReporter -->
<testsuite ignored="0" hostname="DESKTOP-KBHEFTS" failures="2" tests="3" name="Test" time="0.048" errors="0" timestamp="2022-09-19T11:57:36 IST">
  <testcase classname="com.selenium_demo.selenium_demo.Demo_Test_002" name="method_Test_002" time="0.006"/>
  <testcase classname="com.selenium_demo.selenium_demo.Demo_Test_002" name="method_Test_001" time="0.004">
    <failure type="java.lang.AssertionError" message="####Invalid data input number### expected [3] but found [2]">
      <![CDATA[java.lang.AssertionError: ####Invalid data input number### expected [3] but found [2]
at com.selenium_demo.selenium_demo.Demo_Test_002.method_Test_001(Demo_Test_002.java:15)
at java.base/java.util.ArrayList.forEach(ArrayList.java:1511)
... Removed 32 stack frames]]>
    </failure>
  </testcase> <!-- method_Test_001 -->
  <testcase classname="com.selenium_demo.selenium_demo.Demo_Test_002" name="method_Test_003" time="0.001">
    <failure type="java.lang.AssertionError" message="####Invalid data input string### expected [Devendra S] but found [Devendra]">
      <![CDATA[java.lang.AssertionError: ####Invalid data input string### expected [Devendra S] but found [Devendra]
at com.selenium_demo.selenium_demo.Demo_Test_002.method_Test_003(Demo_Test_002.java:33)
at java.base/java.util.ArrayList.forEach(ArrayList.java:1511)
... Removed 32 stack frames]]>
    </failure>
  </testcase> <!-- method_Test_003 -->
</testsuite> <!-- Test -->
